Start testing: Jun 22 17:50 CEST
----------------------------------------------------------
1/4 Testing: qa_ofdm_cube_ff
1/4 Test: qa_ofdm_cube_ff
Command: "/bin/sh" "/home/sakulkar/workspace/gr-ofdm/build/lib/qa_ofdm_cube_ff_test.sh"
Directory: /home/sakulkar/workspace/gr-ofdm/build/lib
"qa_ofdm_cube_ff" start time: Jun 22 17:50 CEST
Output:
----------------------------------------------------------
Running 2 test cases...

*** No errors detected
<end of output>
Test time =   0.01 sec
----------------------------------------------------------
Test Passed.
"qa_ofdm_cube_ff" end time: Jun 22 17:50 CEST
"qa_ofdm_cube_ff" time elapsed: 00:00:00
----------------------------------------------------------

2/4 Testing: qa_ofdm_power4_ff
2/4 Test: qa_ofdm_power4_ff
Command: "/bin/sh" "/home/sakulkar/workspace/gr-ofdm/build/lib/qa_ofdm_power4_ff_test.sh"
Directory: /home/sakulkar/workspace/gr-ofdm/build/lib
"qa_ofdm_power4_ff" start time: Jun 22 17:50 CEST
Output:
----------------------------------------------------------
Running 2 test cases...

*** No errors detected
<end of output>
Test time =   0.01 sec
----------------------------------------------------------
Test Passed.
"qa_ofdm_power4_ff" end time: Jun 22 17:50 CEST
"qa_ofdm_power4_ff" time elapsed: 00:00:00
----------------------------------------------------------

3/4 Testing: qa_ofdm_new_ff
3/4 Test: qa_ofdm_new_ff
Command: "/bin/sh" "/home/sakulkar/workspace/gr-ofdm/build/lib/qa_ofdm_new_ff_test.sh"
Directory: /home/sakulkar/workspace/gr-ofdm/build/lib
"qa_ofdm_new_ff" start time: Jun 22 17:50 CEST
Output:
----------------------------------------------------------
Running 2 test cases...

*** No errors detected
<end of output>
Test time =   0.01 sec
----------------------------------------------------------
Test Passed.
"qa_ofdm_new_ff" end time: Jun 22 17:50 CEST
"qa_ofdm_new_ff" time elapsed: 00:00:00
----------------------------------------------------------

4/4 Testing: qa_ofdm
4/4 Test: qa_ofdm
Command: "/bin/sh" "/home/sakulkar/workspace/gr-ofdm/build/python/qa_ofdm_test.sh"
Directory: /home/sakulkar/workspace/gr-ofdm/build/python
"qa_ofdm" start time: Jun 22 17:50 CEST
Output:
----------------------------------------------------------
..
----------------------------------------------------------------------
Ran 2 tests in 0.002s

OK
Test 1: cube_ff
expected result (-27, 64, -166.375, 8, 27)
actual result (-27.0, 64.0, -166.375, 8.0, 27.0)
Test 2: power4_ff
expected result (81, 256, 915.0625, 16, 81)
actual result (81.0, 256.0, 915.0625, 16.0, 81.0)
<end of output>
Test time =   0.14 sec
----------------------------------------------------------
Test Passed.
"qa_ofdm" end time: Jun 22 17:50 CEST
"qa_ofdm" time elapsed: 00:00:00
----------------------------------------------------------

End testing: Jun 22 17:50 CEST
